mode: set
geekbrains/go/Lesson_10/configuration/configuration.go:20.58,22.34 2 1
geekbrains/go/Lesson_10/configuration/configuration.go:39.2,39.61 1 1
geekbrains/go/Lesson_10/configuration/configuration.go:45.2,45.8 1 1
geekbrains/go/Lesson_10/configuration/configuration.go:23.15,24.60 1 1
geekbrains/go/Lesson_10/configuration/configuration.go:27.15,28.60 1 1
geekbrains/go/Lesson_10/configuration/configuration.go:31.14,32.59 1 1
geekbrains/go/Lesson_10/configuration/configuration.go:35.10,36.65 1 1
geekbrains/go/Lesson_10/configuration/configuration.go:24.60,26.4 1 1
geekbrains/go/Lesson_10/configuration/configuration.go:28.60,30.4 1 1
geekbrains/go/Lesson_10/configuration/configuration.go:32.59,34.4 1 1
geekbrains/go/Lesson_10/configuration/configuration.go:39.61,40.45 1 0
geekbrains/go/Lesson_10/configuration/configuration.go:40.45,42.4 1 0
geekbrains/go/Lesson_10/configuration/configuration.go:48.63,50.16 2 1
geekbrains/go/Lesson_10/configuration/configuration.go:55.2,56.16 2 1
geekbrains/go/Lesson_10/configuration/configuration.go:60.2,60.31 1 1
geekbrains/go/Lesson_10/configuration/configuration.go:64.2,64.12 1 1
geekbrains/go/Lesson_10/configuration/configuration.go:50.16,53.3 2 0
geekbrains/go/Lesson_10/configuration/configuration.go:56.16,58.3 1 1
geekbrains/go/Lesson_10/configuration/configuration.go:60.31,62.3 1 1
geekbrains/go/Lesson_10/configuration/configuration.go:67.63,69.16 2 1
geekbrains/go/Lesson_10/configuration/configuration.go:74.2,75.16 2 1
geekbrains/go/Lesson_10/configuration/configuration.go:79.2,79.31 1 1
geekbrains/go/Lesson_10/configuration/configuration.go:83.2,83.12 1 1
geekbrains/go/Lesson_10/configuration/configuration.go:69.16,72.3 2 0
geekbrains/go/Lesson_10/configuration/configuration.go:75.16,77.3 1 1
geekbrains/go/Lesson_10/configuration/configuration.go:79.31,81.3 1 1
geekbrains/go/Lesson_10/configuration/configuration.go:86.62,87.51 1 1
geekbrains/go/Lesson_10/configuration/configuration.go:91.2,93.16 3 1
geekbrains/go/Lesson_10/configuration/configuration.go:96.2,99.31 3 1
geekbrains/go/Lesson_10/configuration/configuration.go:103.2,103.12 1 1
geekbrains/go/Lesson_10/configuration/configuration.go:87.51,89.3 1 1
geekbrains/go/Lesson_10/configuration/configuration.go:93.16,95.3 1 0
geekbrains/go/Lesson_10/configuration/configuration.go:99.31,101.3 1 0
geekbrains/go/Lesson_10/configuration/configuration.go:106.41,117.31 5 0
geekbrains/go/Lesson_10/configuration/configuration.go:121.2,121.12 1 0
geekbrains/go/Lesson_10/configuration/configuration.go:117.31,119.3 1 0
geekbrains/go/Lesson_10/configuration/configuration.go:124.29,127.2 2 1
geekbrains/go/Lesson_10/configuration/configuration.go:129.36,130.32 1 1
geekbrains/go/Lesson_10/configuration/configuration.go:134.2,134.13 1 1
geekbrains/go/Lesson_10/configuration/configuration.go:130.32,132.3 1 1
geekbrains/go/Lesson_10/configuration/configuration.go:137.26,139.2 1 1
